<?xml version="1.0" encoding="UTF-8"?>
<!-- Generated by org.testng.reporters.JUnitReportReporter -->
<testsuite hostname="LIN-5CG134B46B" failures="0" tests="1" name="TestRunner.TestRunner" time="16.991" errors="0" timestamp="2024-04-18T10:12:21 IST" skipped="0">
  <testcase classname="TestRunner.TestRunner" name="runScenario" time="16.991"/>
</testsuite> <!-- TestRunner.TestRunner -->
